<?xml version="1.0" encoding="UTF-8"?>
<!-- Generated by org.testng.reporters.JUnitReportReporter -->
<testsuite hostname="LAPTOP-4EFURJMO" name="com.test.appium.test.Tests" tests="2" failures="0" timestamp="29 Sep 2020 06:39:44 GMT" time="150.977" errors="0">
  <testcase name="test1" time="147.959" classname="com.test.appium.test.Tests"/>
  <testcase name="testapp" time="3.018" classname="com.test.appium.test.Tests"/>
</testsuite> <!-- com.test.appium.test.Tests -->
